# JRE version: OpenJDK Runtime Environment Temurin-21.0.10+7 (21.0.10+7) (build 21.0.10+7-LTS)
# Java VM: OpenJDK 64-Bit Server VM Temurin-21.0.10+7 (21.0.10+7-LTS, mixed mode, sharing, tiered, compressed oops, compressed class ptrs, parallel gc, windows-amd64)
GC Precious Log:
 CardTable entry size: 512
 CPUs: 4 total, 4 available
 Memory: 8094M
 Large Page Support: Disabled
 NUMA Support: Disabled
 Compressed Oops: Enabled (32-bit)
 Alignments: Space 512K, Generation 512K, Heap 2M
 Heap Min Capacity: 100M
 Heap Initial Capacity: 100M
 Heap Max Capacity: 2G
 Pre-touch: Disabled
 Parallel Workers: 4
Heap:
 PSYoungGen      total 22528K, used 21377K [0x00000000d5580000, 0x00000000d6d00000, 0x0000000100000000)
  eden space 20992K, 97% used [0x00000000d5580000,0x00000000d6986900,0x00000000d6a00000)
  from space 1536K, 56% used [0x00000000d6a80000,0x00000000d6b59d98,0x00000000d6c00000)
  to   space 1024K, 0% used [0x00000000d6c00000,0x00000000d6c00000,0x00000000d6d00000)
 ParOldGen       total 102400K, used 56897K [0x0000000080000000, 0x0000000086400000, 0x00000000d5580000)
  object space 102400K, 55% used [0x0000000080000000,0x0000000083790400,0x0000000086400000)
 Metaspace       used 63411K, committed 64832K, reserved 1114112K
  class space    used 6687K, committed 7296K, reserved 1048576K
GC Heap History (20 events):
Event: 19.273 GC heap before
{Heap before GC invocations=57 (full 2):
 PSYoungGen      total 22016K, used 21993K [0x00000000d5580000, 0x00000000d6d80000, 0x0000000100000000)
  eden space 20992K, 100% used [0x00000000d5580000,0x00000000d6a00000,0x00000000d6a00000)
  from space 1024K, 97% used [0x00000000d6b80000,0x00000000d6c7a448,0x00000000d6c80000)
  to   space 1536K, 0% used [0x00000000d6a00000,0x00000000d6a00000,0x00000000d6b80000)
 ParOldGen       total 69120K, used 68849K [0x0000000080000000, 0x0000000084380000, 0x00000000d5580000)
  object space 69120K, 99% used [0x0000000080000000,0x000000008433c6a0,0x0000000084380000)
 Metaspace       used 56695K, committed 58048K, reserved 1114112K
  class space    used 6023K, committed 6656K, reserved 1048576K
}
Event: 19.278 GC heap after
{Heap after GC invocations=57 (full 2):
 PSYoungGen      total 22528K, used 1117K [0x00000000d5580000, 0x00000000d6d00000, 0x0000000100000000)
  eden space 20992K, 0% used [0x00000000d5580000,0x00000000d5580000,0x00000000d6a00000)
  from space 1536K, 72% used [0x00000000d6a00000,0x00000000d6b174c8,0x00000000d6b80000)
  to   space 1536K, 0% used [0x00000000d6b80000,0x00000000d6b80000,0x00000000d6d00000)
 ParOldGen       total 70144K, used 69638K [0x0000000080000000, 0x0000000084480000, 0x00000000d5580000)
  object space 70144K, 99% used [0x0000000080000000,0x0000000084401ab0,0x0000000084480000)
 Metaspace       used 56695K, committed 58048K, reserved 1114112K
  class space    used 6023K, committed 6656K, reserved 1048576K
}
Event: 19.372 GC heap before
{Heap before GC invocations=58 (full 2):
 PSYoungGen      total 22528K, used 22109K [0x00000000d5580000, 0x00000000d6d00000, 0x0000000100000000)
  eden space 20992K, 100% used [0x00000000d5580000,0x00000000d6a00000,0x00000000d6a00000)
  from space 1536K, 72% used [0x00000000d6a00000,0x00000000d6b174c8,0x00000000d6b80000)
  to   space 1536K, 0% used [0x00000000d6b80000,0x00000000d6b80000,0x00000000d6d00000)
 ParOldGen       total 70144K, used 69638K [0x0000000080000000, 0x0000000084480000, 0x00000000d5580000)
  object space 70144K, 99% used [0x0000000080000000,0x0000000084401ab0,0x0000000084480000)
 Metaspace       used 56945K, committed 58368K, reserved 1114112K
  class space    used 6056K, committed 6656K, reserved 1048576K
}
Event: 19.373 GC heap after
{Heap after GC invocations=58 (full 2):
 PSYoungGen      total 22016K, used 608K [0x00000000d5580000, 0x00000000d6c80000, 0x0000000100000000)
  eden space 20992K, 0% used [0x00000000d5580000,0x00000000d5580000,0x00000000d6a00000)
  from space 1024K, 59% used [0x00000000d6b80000,0x00000000d6c18288,0x00000000d6c80000)
  to   space 1024K, 0% used [0x00000000d6a80000,0x00000000d6a80000,0x00000000d6b80000)
 ParOldGen       total 70144K, used 70070K [0x0000000080000000, 0x0000000084480000, 0x00000000d5580000)
  object space 70144K, 99% used [0x0000000080000000,0x000000008446dab0,0x0000000084480000)
 Metaspace       used 56945K, committed 58368K, reserved 1114112K
  class space    used 6056K, committed 6656K, reserved 1048576K
}
Event: 19.461 GC heap before
{Heap before GC invocations=59 (full 2):
 PSYoungGen      total 22016K, used 21600K [0x00000000d5580000, 0x00000000d6c80000, 0x0000000100000000)
  eden space 20992K, 100% used [0x00000000d5580000,0x00000000d6a00000,0x00000000d6a00000)
  from space 1024K, 59% used [0x00000000d6b80000,0x00000000d6c18288,0x00000000d6c80000)
  to   space 1024K, 0% used [0x00000000d6a80000,0x00000000d6a80000,0x00000000d6b80000)
 ParOldGen       total 93696K, used 93110K [0x0000000080000000, 0x0000000085b80000, 0x00000000d5580000)
  object space 93696K, 99% used [0x0000000080000000,0x0000000085aedad0,0x0000000085b80000)
 Metaspace       used 57289K, committed 58752K, reserved 1114112K
  class space    used 6090K, committed 6720K, reserved 1048576K
}
Event: 19.468 GC heap after
{Heap after GC invocations=59 (full 2):
 PSYoungGen      total 22016K, used 594K [0x00000000d5580000, 0x00000000d6c00000, 0x0000000100000000)
  eden space 20992K, 0% used [0x00000000d5580000,0x00000000d5580000,0x00000000d6a00000)
  from space 1024K, 58% used [0x00000000d6a80000,0x00000000d6b14980,0x00000000d6b80000)
  to   space 512K, 0% used [0x00000000d6b80000,0x00000000d6b80000,0x00000000d6c00000)
 ParOldGen       total 101888K, used 101188K [0x0000000080000000, 0x0000000086380000, 0x00000000d5580000)
  object space 101888K, 99% used [0x0000000080000000,0x00000000862d1208,0x0000000086380000)
 Metaspace       used 57289K, committed 58752K, reserved 1114112K
  class space    used 6090K, committed 6720K, reserved 1048576K
}
Event: 19.603 GC heap before
{Heap before GC invocations=60 (full 2):
 PSYoungGen      total 22016K, used 21586K [0x00000000d5580000, 0x00000000d6c00000, 0x0000000100000000)
  eden space 20992K, 100% used [0x00000000d5580000,0x00000000d6a00000,0x00000000d6a00000)
  from space 1024K, 58% used [0x00000000d6a80000,0x00000000d6b14980,0x00000000d6b80000)
  to   space 512K, 0% used [0x00000000d6b80000,0x00000000d6b80000,0x00000000d6c00000)
 ParOldGen       total 101888K, used 101188K [0x0000000080000000, 0x0000000086380000, 0x00000000d5580000)
  object space 101888K, 99% used [0x0000000080000000,0x00000000862d1208,0x0000000086380000)
 Metaspace       used 57371K, committed 58816K, reserved 1114112K
  class space    used 6097K, committed 6720K, reserved 1048576K
}
Event: 19.605 GC heap after
{Heap after GC invocations=60 (full 2):
 PSYoungGen      total 21504K, used 509K [0x00000000d5580000, 0x00000000d6c00000, 0x0000000100000000)
  eden space 20992K, 0% used [0x00000000d5580000,0x00000000d5580000,0x00000000d6a00000)
  from space 512K, 99% used [0x00000000d6b80000,0x00000000d6bff638,0x00000000d6c00000)
  to   space 1024K, 0% used [0x00000000d6a00000,0x00000000d6a00000,0x00000000d6b00000)
 ParOldGen       total 101888K, used 101558K [0x0000000080000000, 0x0000000086380000, 0x00000000d5580000)
  object space 101888K, 99% used [0x0000000080000000,0x000000008632dad0,0x0000000086380000)
 Metaspace       used 57371K, committed 58816K, reserved 1114112K
  class space    used 6097K, committed 6720K, reserved 1048576K
}
Event: 20.050 GC heap before
{Heap before GC invocations=61 (full 2):
 PSYoungGen      total 21504K, used 15957K [0x00000000d5580000, 0x00000000d6c00000, 0x0000000100000000)
  eden space 20992K, 73% used [0x00000000d5580000,0x00000000d64960e8,0x00000000d6a00000)
  from space 512K, 99% used [0x00000000d6b80000,0x00000000d6bff638,0x00000000d6c00000)
  to   space 1024K, 0% used [0x00000000d6a00000,0x00000000d6a00000,0x00000000d6b00000)
 ParOldGen       total 101888K, used 101558K [0x0000000080000000, 0x0000000086380000, 0x00000000d5580000)
  object space 101888K, 99% used [0x0000000080000000,0x000000008632dad0,0x0000000086380000)
 Metaspace       used 58389K, committed 59776K, reserved 1114112K
  class space    used 6192K, committed 6784K, reserved 1048576K
}
Event: 20.053 GC heap after
{Heap after GC invocations=61 (full 2):
 PSYoungGen      total 22016K, used 480K [0x00000000d5580000, 0x00000000d6c00000, 0x0000000100000000)
  eden space 20992K, 0% used [0x00000000d5580000,0x00000000d5580000,0x00000000d6a00000)
  from space 1024K, 46% used [0x00000000d6a00000,0x00000000d6a78010,0x00000000d6b00000)
  to   space 1024K, 0% used [0x00000000d6b00000,0x00000000d6b00000,0x00000000d6c00000)
 ParOldGen       total 102400K, used 101910K [0x0000000080000000, 0x0000000086400000, 0x00000000d5580000)
  object space 102400K, 99% used [0x0000000080000000,0x0000000086385ad0,0x0000000086400000)
 Metaspace       used 58389K, committed 59776K, reserved 1114112K
  class space    used 6192K, committed 6784K, reserved 1048576K
}
Event: 20.053 GC heap before
{Heap before GC invocations=62 (full 3):
 PSYoungGen      total 22016K, used 480K [0x00000000d5580000, 0x00000000d6c00000, 0x0000000100000000)
  eden space 20992K, 0% used [0x00000000d5580000,0x00000000d5580000,0x00000000d6a00000)
  from space 1024K, 46% used [0x00000000d6a00000,0x00000000d6a78010,0x00000000d6b00000)
  to   space 1024K, 0% used [0x00000000d6b00000,0x00000000d6b00000,0x00000000d6c00000)
 ParOldGen       total 102400K, used 101910K [0x0000000080000000, 0x0000000086400000, 0x00000000d5580000)
  object space 102400K, 99% used [0x0000000080000000,0x0000000086385ad0,0x0000000086400000)
 Metaspace       used 58389K, committed 59776K, reserved 1114112K
  class space    used 6192K, committed 6784K, reserved 1048576K
}
Event: 20.236 GC heap after
{Heap after GC invocations=62 (full 3):
 PSYoungGen      total 22016K, used 0K [0x00000000d5580000, 0x00000000d6c00000, 0x0000000100000000)
  eden space 20992K, 0% used [0x00000000d5580000,0x00000000d5580000,0x00000000d6a00000)
  from space 1024K, 0% used [0x00000000d6a00000,0x00000000d6a00000,0x00000000d6b00000)
  to   space 1024K, 0% used [0x00000000d6b00000,0x00000000d6b00000,0x00000000d6c00000)
 ParOldGen       total 102400K, used 55034K [0x0000000080000000, 0x0000000086400000, 0x00000000d5580000)
  object space 102400K, 53% used [0x0000000080000000,0x00000000835beba8,0x0000000086400000)
 Metaspace       used 58386K, committed 59776K, reserved 1114112K
  class space    used 6191K, committed 6784K, reserved 1048576K
}
Event: 20.723 GC heap before
{Heap before GC invocations=63 (full 3):
 PSYoungGen      total 22016K, used 20992K [0x00000000d5580000, 0x00000000d6c00000, 0x0000000100000000)
  eden space 20992K, 100% used [0x00000000d5580000,0x00000000d6a00000,0x00000000d6a00000)
  from space 1024K, 0% used [0x00000000d6a00000,0x00000000d6a00000,0x00000000d6b00000)
  to   space 1024K, 0% used [0x00000000d6b00000,0x00000000d6b00000,0x00000000d6c00000)
 ParOldGen       total 102400K, used 55034K [0x0000000080000000, 0x0000000086400000, 0x00000000d5580000)
  object space 102400K, 53% used [0x0000000080000000,0x00000000835beba8,0x0000000086400000)
 Metaspace       used 59236K, committed 60672K, reserved 1114112K
  class space    used 6306K, committed 6912K, reserved 1048576K
}
Event: 20.724 GC heap after
{Heap after GC invocations=63 (full 3):
 PSYoungGen      total 21504K, used 288K [0x00000000d5580000, 0x00000000d6b80000, 0x0000000100000000)
  eden space 20992K, 0% used [0x00000000d5580000,0x00000000d5580000,0x00000000d6a00000)
  from space 512K, 56% used [0x00000000d6b00000,0x00000000d6b48000,0x00000000d6b80000)
  to   space 512K, 0% used [0x00000000d6a80000,0x00000000d6a80000,0x00000000d6b00000)
 ParOldGen       total 102400K, used 55042K [0x0000000080000000, 0x0000000086400000, 0x00000000d5580000)
  object space 102400K, 53% used [0x0000000080000000,0x00000000835c0ba8,0x0000000086400000)
 Metaspace       used 59236K, committed 60672K, reserved 1114112K
  class space    used 6306K, committed 6912K, reserved 1048576K
}
Event: 20.919 GC heap before
{Heap before GC invocations=64 (full 3):
 PSYoungGen      total 21504K, used 21280K [0x00000000d5580000, 0x00000000d6b80000, 0x0000000100000000)
  eden space 20992K, 100% used [0x00000000d5580000,0x00000000d6a00000,0x00000000d6a00000)
  from space 512K, 56% used [0x00000000d6b00000,0x00000000d6b48000,0x00000000d6b80000)
  to   space 512K, 0% used [0x00000000d6a80000,0x00000000d6a80000,0x00000000d6b00000)
 ParOldGen       total 102400K, used 55042K [0x0000000080000000, 0x0000000086400000, 0x00000000d5580000)
  object space 102400K, 53% used [0x0000000080000000,0x00000000835c0ba8,0x0000000086400000)
 Metaspace       used 60351K, committed 61760K, reserved 1114112K
  class space    used 6398K, committed 7040K, reserved 1048576K
}
Event: 20.922 GC heap after
{Heap after GC invocations=64 (full 3):
 PSYoungGen      total 21504K, used 494K [0x00000000d5580000, 0x00000000d6f00000, 0x0000000100000000)
  eden space 20992K, 0% used [0x00000000d5580000,0x00000000d5580000,0x00000000d6a00000)
  from space 512K, 96% used [0x00000000d6a80000,0x00000000d6afbbd0,0x00000000d6b00000)
  to   space 2560K, 0% used [0x00000000d6c80000,0x00000000d6c80000,0x00000000d6f00000)
 ParOldGen       total 102400K, used 56374K [0x0000000080000000, 0x0000000086400000, 0x00000000d5580000)
  object space 102400K, 55% used [0x0000000080000000,0x000000008370dbb8,0x0000000086400000)
 Metaspace       used 60351K, committed 61760K, reserved 1114112K
  class space    used 6398K, committed 7040K, reserved 1048576K
}
Event: 20.990 GC heap before
{Heap before GC invocations=65 (full 3):
 PSYoungGen      total 21504K, used 21486K [0x00000000d5580000, 0x00000000d6f00000, 0x0000000100000000)
  eden space 20992K, 100% used [0x00000000d5580000,0x00000000d6a00000,0x00000000d6a00000)
  from space 512K, 96% used [0x00000000d6a80000,0x00000000d6afbbd0,0x00000000d6b00000)
  to   space 2560K, 0% used [0x00000000d6c80000,0x00000000d6c80000,0x00000000d6f00000)
 ParOldGen       total 102400K, used 56374K [0x0000000080000000, 0x0000000086400000, 0x00000000d5580000)
  object space 102400K, 55% used [0x0000000080000000,0x000000008370dbb8,0x0000000086400000)
 Metaspace       used 60367K, committed 61824K, reserved 1114112K
  class space    used 6398K, committed 7040K, reserved 1048576K
}
Event: 20.992 GC heap after
{Heap after GC invocations=65 (full 3):
 PSYoungGen      total 22016K, used 655K [0x00000000d5580000, 0x00000000d6d80000, 0x0000000100000000)
  eden space 20992K, 0% used [0x00000000d5580000,0x00000000d5580000,0x00000000d6a00000)
  from space 1024K, 63% used [0x00000000d6c80000,0x00000000d6d23cf8,0x00000000d6d80000)
  to   space 1536K, 0% used [0x00000000d6a80000,0x00000000d6a80000,0x00000000d6c00000)
 ParOldGen       total 102400K, used 56881K [0x0000000080000000, 0x0000000086400000, 0x00000000d5580000)
  object space 102400K, 55% used [0x0000000080000000,0x000000008378c400,0x0000000086400000)
 Metaspace       used 60367K, committed 61824K, reserved 1114112K
  class space    used 6398K, committed 7040K, reserved 1048576K
}
Event: 21.804 GC heap before
{Heap before GC invocations=66 (full 3):
 PSYoungGen      total 22016K, used 21647K [0x00000000d5580000, 0x00000000d6d80000, 0x0000000100000000)
  eden space 20992K, 100% used [0x00000000d5580000,0x00000000d6a00000,0x00000000d6a00000)
  from space 1024K, 63% used [0x00000000d6c80000,0x00000000d6d23cf8,0x00000000d6d80000)
  to   space 1536K, 0% used [0x00000000d6a80000,0x00000000d6a80000,0x00000000d6c00000)
 ParOldGen       total 102400K, used 56881K [0x0000000080000000, 0x0000000086400000, 0x00000000d5580000)
  object space 102400K, 55% used [0x0000000080000000,0x000000008378c400,0x0000000086400000)
 Metaspace       used 62475K, committed 63936K, reserved 1114112K
  class space    used 6627K, committed 7232K, reserved 1048576K
}
Event: 21.806 GC heap after
{Heap after GC invocations=66 (full 3):
 PSYoungGen      total 22528K, used 871K [0x00000000d5580000, 0x00000000d6d00000, 0x0000000100000000)
  eden space 20992K, 0% used [0x00000000d5580000,0x00000000d5580000,0x00000000d6a00000)
  from space 1536K, 56% used [0x00000000d6a80000,0x00000000d6b59d98,0x00000000d6c00000)
  to   space 1024K, 0% used [0x00000000d6c00000,0x00000000d6c00000,0x00000000d6d00000)
 ParOldGen       total 102400K, used 56897K [0x0000000080000000, 0x0000000086400000, 0x00000000d5580000)
  object space 102400K, 55% used [0x0000000080000000,0x0000000083790400,0x0000000086400000)
 Metaspace       used 62475K, committed 63936K, reserved 1114112K
  class space    used 6627K, committed 7232K, reserved 1048576K
}

